CRITICAL - 2023-12-15 09:57:46 --> Invalid file: "layout/estimasi.php"
in SYSTEMPATH\Exceptions\FrameworkException.php on line 39.
 1 SYSTEMPATH\View\View.php(216): CodeIgniter\Exceptions\FrameworkException::forInvalidFile('layout/estimasi.php')
 2 SYSTEMPATH\View\View.php(244): CodeIgniter\View\View->render('layout/estimasi', [], true)
 3 SYSTEMPATH\Common.php(1190): CodeIgniter\View\View->render('Hitung', [], true)
 4 APPPATH\Controllers\hitung.php(9): view('Hitung')
 5 SYSTEMPATH\CodeIgniter.php(942): App\Controllers\hitung->estimasi()
 6 SYSTEMPATH\CodeIgniter.php(502): CodeIgniter\CodeIgniter->runController(Object(App\Controllers\hitung))
 7 SYSTEMPATH\CodeIgniter.php(361): CodeIgniter\CodeIgniter->handleRequest(null, Object(Config\Cache), false)
 8 FCPATH\index.php(79): CodeIgniter\CodeIgniter->run()
 9 SYSTEMPATH\Commands\Server\rewrite.php(47): require_once('C:\\xampp\\htdocs\\asoyyyy\\public\\index.php')
CRITICAL - 2023-12-15 09:57:54 --> Invalid file: "layout/estimasi.php"
in SYSTEMPATH\Exceptions\FrameworkException.php on line 39.
 1 SYSTEMPATH\View\View.php(216): CodeIgniter\Exceptions\FrameworkException::forInvalidFile('layout/estimasi.php')
 2 SYSTEMPATH\View\View.php(244): CodeIgniter\View\View->render('layout/estimasi', [], true)
 3 SYSTEMPATH\Common.php(1190): CodeIgniter\View\View->render('Hitung', [], true)
 4 APPPATH\Controllers\hitung.php(9): view('Hitung')
 5 SYSTEMPATH\CodeIgniter.php(942): App\Controllers\hitung->estimasi()
 6 SYSTEMPATH\CodeIgniter.php(502): CodeIgniter\CodeIgniter->runController(Object(App\Controllers\hitung))
 7 SYSTEMPATH\CodeIgniter.php(361): CodeIgniter\CodeIgniter->handleRequest(null, Object(Config\Cache), false)
 8 FCPATH\index.php(79): CodeIgniter\CodeIgniter->run()
 9 SYSTEMPATH\Commands\Server\rewrite.php(47): require_once('C:\\xampp\\htdocs\\asoyyyy\\public\\index.php')
